<?xml version="1.0" encoding="UTF-8"?>
<robot generator="Robot 6.0 (Python 3.14.2 on win32)" generated="20260115 10:42:48.852" rpa="false" schemaversion="3">
<suite id="s1" name="auto Training" source="C:\Users\726009\Documents\auto Training">
<suite id="s1-s1" name="Test" source="C:\Users\726009\Documents\auto Training\test.robot">
<test id="s1-s1-t1" name="Logging Test Case" line="12">
<kw name="SetUp" library="Common" type="SETUP">
<kw name="Open Browser" library="SeleniumLibrary">
<arg>${URL}</arg>
<arg>${BROWSER}</arg>
<doc>Opens a new browser instance to the optional ``url``.</doc>
<msg timestamp="20260115 10:42:49.334" level="INFO">Opening browser 'Chrome' to base url 'https://the-internet.herokuapp.com/'.</msg>
<status status="PASS" starttime="20260115 10:42:49.333" endtime="20260115 10:42:56.142"/>
</kw>
<kw name="Maximize Browser Window" library="SeleniumLibrary">
<doc>Maximizes current browser window.</doc>
<status status="PASS" starttime="20260115 10:42:56.143" endtime="20260115 10:42:56.193"/>
</kw>
<status status="PASS" starttime="20260115 10:42:49.333" endtime="20260115 10:42:56.194"/>
</kw>
<kw name="Click Element" library="SeleniumLibrary">
<arg>Xpath=//a[@href='/dynamic_loading']</arg>
<doc>Click the element identified by ``locator``.</doc>
<msg timestamp="20260115 10:42:56.195" level="INFO">Clicking element 'Xpath=//a[@href='/dynamic_loading']'.</msg>
<status status="PASS" starttime="20260115 10:42:56.194" endtime="20260115 10:42:56.912"/>
</kw>
<kw name="TestClose" library="Common" type="TEARDOWN">
<kw name="Close Browser" library="SeleniumLibrary">
<doc>Closes the current browser.</doc>
<status status="PASS" starttime="20260115 10:42:56.915" endtime="20260115 10:42:59.170"/>
</kw>
<status status="PASS" starttime="20260115 10:42:56.914" endtime="20260115 10:42:59.170"/>
</kw>
<status status="PASS" starttime="20260115 10:42:49.328" endtime="20260115 10:42:59.171"/>
</test>
<test id="s1-s1-t2" name="Test case 2" line="15">
<kw name="SetUp" library="Common" type="SETUP">
<kw name="Open Browser" library="SeleniumLibrary">
<arg>${URL}</arg>
<arg>${BROWSER}</arg>
<doc>Opens a new browser instance to the optional ``url``.</doc>
<msg timestamp="20260115 10:42:59.187" level="INFO">Opening browser 'Chrome' to base url 'https://the-internet.herokuapp.com/'.</msg>
<status status="PASS" starttime="20260115 10:42:59.185" endtime="20260115 10:43:05.546"/>
</kw>
<kw name="Maximize Browser Window" library="SeleniumLibrary">
<doc>Maximizes current browser window.</doc>
<status status="PASS" starttime="20260115 10:43:05.546" endtime="20260115 10:43:05.591"/>
</kw>
<status status="PASS" starttime="20260115 10:42:59.184" endtime="20260115 10:43:05.591"/>
</kw>
<kw name="Dropdown Selection" library="Funtion">
<kw name="Click Element" library="SeleniumLibrary">
<arg>Xpath=//a[@href='/dropdown']</arg>
<doc>Click the element identified by ``locator``.</doc>
<msg timestamp="20260115 10:43:05.595" level="INFO">Clicking element 'Xpath=//a[@href='/dropdown']'.</msg>
<status status="PASS" starttime="20260115 10:43:05.594" endtime="20260115 10:43:06.242"/>
</kw>
<kw name="Click Element" library="SeleniumLibrary">
<arg>id=dropdown</arg>
<doc>Click the element identified by ``locator``.</doc>
<msg timestamp="20260115 10:43:06.244" level="INFO">Clicking element 'id=dropdown'.</msg>
<status status="PASS" starttime="20260115 10:43:06.243" endtime="20260115 10:43:06.352"/>
</kw>
<status status="PASS" starttime="20260115 10:43:05.593" endtime="20260115 10:43:06.352"/>
</kw>
<kw name="TestClose" library="Common" type="TEARDOWN">
<kw name="Close Browser" library="SeleniumLibrary">
<doc>Closes the current browser.</doc>
<status status="PASS" starttime="20260115 10:43:06.353" endtime="20260115 10:43:08.612"/>
</kw>
<status status="PASS" starttime="20260115 10:43:06.353" endtime="20260115 10:43:08.613"/>
</kw>
<status status="PASS" starttime="20260115 10:42:59.179" endtime="20260115 10:43:08.614"/>
</test>
<status status="PASS" starttime="20260115 10:42:48.920" endtime="20260115 10:43:08.624"/>
</suite>
<status status="PASS" starttime="20260115 10:42:48.869" endtime="20260115 10:43:08.631"/>
</suite>
<statistics>
<total>
<stat pass="2" fail="0" skip="0">All Tests</stat>
</total>
<tag>
</tag>
<suite>
<stat pass="2" fail="0" skip="0" id="s1" name="auto Training">auto Training</stat>
<stat pass="2" fail="0" skip="0" id="s1-s1" name="Test">auto Training.Test</stat>
</suite>
</statistics>
<errors>
</errors>
</robot>
