<?xml version="1.0" encoding="UTF-8"?>
<robot generator="Robot 6.0 (Python 3.10.11 on win32)" generated="20260112 13:42:07.595" rpa="false" schemaversion="3">
<suite id="s1" name="Robot Env Draft" source="C:\Users\726862\Downloads\Robot_Env_Draft">
<suite id="s1-s1" name="Tests" source="C:\Users\726862\Downloads\Robot_Env_Draft\Tests">
<suite id="s1-s1-s1" name="01 ID Access" source="C:\Users\726862\Downloads\Robot_Env_Draft\Tests\01_ID_Access.robot">
<test id="s1-s1-s1-t1" name="Open App In Edge" line="10">
<kw name="Open Browser" library="SeleniumLibrary">
<arg>${URL}</arg>
<arg>${BROWSER}</arg>
<doc>Opens a new browser instance to the optional ``url``.</doc>
<msg timestamp="20260112 13:42:07.802" level="INFO">Opening browser 'edge' to base url 'https://the-internet.herokuapp.com/'.</msg>
<status status="PASS" starttime="20260112 13:42:07.800" endtime="20260112 13:42:15.262"/>
</kw>
<kw name="Maximize Browser Window" library="SeleniumLibrary">
<doc>Maximizes current browser window.</doc>
<status status="PASS" starttime="20260112 13:42:15.262" endtime="20260112 13:42:15.297"/>
</kw>
<kw name="Click Element" library="SeleniumLibrary">
<arg>${A_B_TESTING_LINK}</arg>
<doc>Click the element identified by ``locator``.</doc>
<msg timestamp="20260112 13:42:15.298" level="INFO">Clicking element '//li/a[@href='/checkboxes']'.</msg>
<status status="PASS" starttime="20260112 13:42:15.298" endtime="20260112 13:42:15.933"/>
</kw>
<kw name="Sleep" library="BuiltIn">
<arg>8s</arg>
<doc>Pauses the test executed for the given time.</doc>
<msg timestamp="20260112 13:42:23.939" level="INFO">Slept 8 seconds</msg>
<status status="PASS" starttime="20260112 13:42:15.933" endtime="20260112 13:42:23.940"/>
</kw>
<kw name="Close Browser" library="SeleniumLibrary">
<doc>Closes the current browser.</doc>
<status status="PASS" starttime="20260112 13:42:23.940" endtime="20260112 13:42:26.078"/>
</kw>
<status status="PASS" starttime="20260112 13:42:07.797" endtime="20260112 13:42:26.078"/>
</test>
<status status="PASS" starttime="20260112 13:42:07.625" endtime="20260112 13:42:26.083"/>
</suite>
<status status="PASS" starttime="20260112 13:42:07.621" endtime="20260112 13:42:26.086"/>
</suite>
<status status="PASS" starttime="20260112 13:42:07.599" endtime="20260112 13:42:26.089"/>
</suite>
<statistics>
<total>
<stat pass="1" fail="0" skip="0">All Tests</stat>
</total>
<tag>
</tag>
<suite>
<stat pass="1" fail="0" skip="0" id="s1" name="Robot Env Draft">Robot Env Draft</stat>
<stat pass="1" fail="0" skip="0" id="s1-s1" name="Tests">Robot Env Draft.Tests</stat>
<stat pass="1" fail="0" skip="0" id="s1-s1-s1" name="01 ID Access">Robot Env Draft.Tests.01 ID Access</stat>
</suite>
</statistics>
<errors>
</errors>
</robot>
