<?xml version="1.0" encoding="UTF-8"?>
<robot generator="Robot 6.0 (Python 3.14.2 on win32)" generated="20260115 10:44:50.485" rpa="false" schemaversion="3">
<suite id="s1" name="Robot Env Draft 1" source="C:\Users\726546\Downloads\Robot_Env_Draft 1">
<suite id="s1-s1" name="TestBasic" source="C:\Users\726546\Downloads\Robot_Env_Draft 1\TestBasic.robot">
<test id="s1-s1-t1" name="Test case 1" line="9">
<kw name="Setup" library="Common" type="SETUP">
<kw name="Open Browser" library="SeleniumLibrary">
<arg>url=${URL}</arg>
<arg>browser=${BROWSER}</arg>
<doc>Opens a new browser instance to the optional ``url``.</doc>
<msg timestamp="20260115 10:44:51.028" level="INFO">Opening browser 'edge' to base url 'https://the-internet.herokuapp.com/'.</msg>
<status status="PASS" starttime="20260115 10:44:51.027" endtime="20260115 10:44:57.664"/>
</kw>
<kw name="Maximize Browser Window" library="SeleniumLibrary">
<doc>Maximizes current browser window.</doc>
<status status="PASS" starttime="20260115 10:44:57.664" endtime="20260115 10:44:57.750"/>
</kw>
<status status="PASS" starttime="20260115 10:44:51.027" endtime="20260115 10:44:57.751"/>
</kw>
<kw name="Click Element" library="SeleniumLibrary">
<arg>${DROPDOWN}</arg>
<doc>Click the element identified by ``locator``.</doc>
<msg timestamp="20260115 10:44:57.755" level="INFO">Clicking element 'xpath=//*[@id="content"]/ul/li[11]/a'.</msg>
<status status="PASS" starttime="20260115 10:44:57.752" endtime="20260115 10:44:58.317"/>
</kw>
<kw name="Go Back" library="SeleniumLibrary">
<doc>Simulates the user clicking the back button on their browser.</doc>
<status status="PASS" starttime="20260115 10:44:58.318" endtime="20260115 10:44:58.415"/>
</kw>
<status status="PASS" starttime="20260115 10:44:51.021" endtime="20260115 10:44:58.416"/>
</test>
<status status="PASS" starttime="20260115 10:44:50.548" endtime="20260115 10:44:58.428"/>
</suite>
<status status="PASS" starttime="20260115 10:44:50.498" endtime="20260115 10:44:58.436"/>
</suite>
<statistics>
<total>
<stat pass="1" fail="0" skip="0">All Tests</stat>
</total>
<tag>
</tag>
<suite>
<stat pass="1" fail="0" skip="0" id="s1" name="Robot Env Draft 1">Robot Env Draft 1</stat>
<stat pass="1" fail="0" skip="0" id="s1-s1" name="TestBasic">Robot Env Draft 1.TestBasic</stat>
</suite>
</statistics>
<errors>
</errors>
</robot>
